2025-07-24 10:04:38,826 - __main__ - INFO - Fastest Finger First Server initializing...
2025-07-24 10:04:38,827 - server.model.question - WARNING - Questions file data/questions.json not found. Creating sample questions.
2025-07-24 10:04:38,829 - server.model.question - INFO - Saved 5 questions to data/questions.json
2025-07-24 10:04:38,830 - server.model.question - INFO - Created 5 sample questions
2025-07-24 10:04:38,831 - __main__ - INFO - Question bank initialized with 5 questions
2025-07-24 10:04:38,832 - __main__ - INFO - Player manager initialized
2025-07-24 10:04:38,834 - server.viewmodel.game_manager - INFO - Game manager initialized
2025-07-24 10:04:38,836 - server.viewmodel.game_manager - INFO - Game configuration updated
2025-07-24 10:04:38,840 - __main__ - INFO - Game manager initialized
2025-07-24 10:04:38,840 - server.viewmodel.network_manager - INFO - Network manager initialized for localhost:5000
2025-07-24 10:04:38,842 - __main__ - INFO - Network manager initialized for localhost:5000
2025-07-24 10:04:38,843 - __main__ - INFO - Server UI initialized
2025-07-24 10:04:38,843 - __main__ - INFO - All components initialized successfully
2025-07-24 10:04:38,844 - __main__ - INFO - Starting Fastest Finger First Server...
2025-07-24 10:04:38,854 - server.viewmodel.network_manager - ERROR - Failed to start server: name 'port' is not defined
2025-07-24 10:04:38,855 - server.viewmodel.network_manager - INFO - Server stopped
2025-07-24 10:04:38,855 - __main__ - INFO - Stopping server...
2025-07-24 10:04:38,855 - __main__ - INFO - Game manager stopped
2025-07-24 10:04:38,856 - server.viewmodel.network_manager - INFO - Server stopped
2025-07-24 10:04:38,856 - __main__ - INFO - Network manager stopped
2025-07-24 10:04:38,856 - __main__ - INFO - Server stopped
2025-07-24 10:06:11,279 - __main__ - INFO - Fastest Finger First Server initializing...
2025-07-24 10:06:11,281 - server.model.question - INFO - Loaded 5 questions from data/questions.json
2025-07-24 10:06:11,281 - __main__ - INFO - Question bank initialized with 5 questions
2025-07-24 10:06:11,282 - __main__ - INFO - Player manager initialized
2025-07-24 10:06:11,282 - server.viewmodel.game_manager - INFO - Game manager initialized
2025-07-24 10:06:11,282 - server.viewmodel.game_manager - INFO - Game configuration updated
2025-07-24 10:06:11,283 - __main__ - INFO - Game manager initialized
2025-07-24 10:06:11,283 - server.viewmodel.network_manager - INFO - Network manager initialized for localhost:5000
2025-07-24 10:06:11,283 - __main__ - INFO - Network manager initialized for localhost:5000
2025-07-24 10:06:11,283 - __main__ - INFO - Server UI initialized
2025-07-24 10:06:11,284 - __main__ - INFO - All components initialized successfully
2025-07-24 10:06:11,284 - __main__ - INFO - Starting Fastest Finger First Server...
2025-07-24 10:06:11,289 - server.viewmodel.network_manager - INFO - Server started on localhost:5000
